<?xml version="1.0" encoding="UTF-8"?>
<!-- Generated by org.testng.reporters.JUnitReportReporter -->
<testsuite hostname="CCU-SABOSE" failures="0" tests="2" name="com.arc.testcases.FileUpload_Validation" time="0.000" errors="0" timestamp="2022-03-05T23:19:21 IST" skipped="2">
  <testcase classname="com.arc.testcases.FileUpload_Validation" name="doLogin" time="0.000">
    <skipped/>
  </testcase> <!-- doLogin -->
  <testcase classname="com.arc.testcases.FileUpload_Validation" name="createFolder" time="0.000">
    <skipped/>
  </testcase> <!-- createFolder -->
</testsuite> <!-- com.arc.testcases.FileUpload_Validation -->
